c:\users\student\desktop\group000\group000\debug\vc140.pdb
c:\users\student\desktop\group000\group000\debug\vc140.idb
c:\users\student\desktop\group000\group000\debug\goal.obj
c:\users\student\desktop\group000\group000\debug\ink.obj
c:\users\student\desktop\group000\group000\debug\input.obj
c:\users\student\desktop\group000\group000\debug\light.obj
c:\users\student\desktop\group000\group000\debug\main.obj
c:\users\student\desktop\group000\group000\debug\meshfield.obj
c:\users\student\desktop\group000\group000\debug\mob.obj
c:\users\student\desktop\group000\group000\debug\model.obj
c:\users\student\desktop\group000\group000\debug\player.obj
c:\users\student\desktop\group000\group000\debug\result.obj
c:\users\student\desktop\group000\group000\debug\rogo.obj
c:\users\student\desktop\group000\group000\debug\score.obj
c:\users\student\desktop\group000\group000\debug\setumei.obj
c:\users\student\desktop\group000\group000\debug\shadow.obj
c:\users\student\desktop\group000\group000\debug\sound.obj
c:\users\student\desktop\group000\group000\debug\time.obj
c:\users\student\desktop\group000\group000\debug\title.obj
c:\users\student\desktop\group000\group000\debug\vec.obj
c:\users\student\desktop\group000\group000\debug\wall.obj
c:\users\student\desktop\group000\group000\debug\field.obj
c:\users\student\desktop\group000\group000\debug\bullet.obj
c:\users\student\desktop\group000\group000\debug\camera.obj
c:\users\student\desktop\group000\group000\debug\choices.obj
c:\users\student\desktop\group000\group000\debug\controller.obj
c:\users\student\desktop\group000\group000\debug\disc.obj
c:\users\student\desktop\group000\group000\debug\enemy.obj
c:\users\student\desktop\group000\group000\debug\fade.obj
c:\users\student\desktop\group000\group000\debug\frame.obj
c:\users\student\desktop\group000\group000\debug\game.obj
c:\users\student\desktop\group000\group000\debug\group000.ilk
c:\users\student\desktop\group000\group000\debug\group000.exe
c:\users\student\desktop\group000\group000\debug\group000.pdb
c:\users\student\desktop\group000\group000\debug\group000.tlog\cl.command.1.tlog
c:\users\student\desktop\group000\group000\debug\group000.tlog\cl.read.1.tlog
c:\users\student\desktop\group000\group000\debug\group000.tlog\cl.write.1.tlog
c:\users\student\desktop\group000\group000\debug\group000.tlog\link.command.1.tlog
c:\users\student\desktop\group000\group000\debug\group000.tlog\link.read.1.tlog
c:\users\student\desktop\group000\group000\debug\group000.tlog\link.write.1.tlog
