c:\users\student\documents\visual studio 2015\projects\game005\debug\vc140.pdb
c:\users\student\documents\visual studio 2015\projects\game005\debug\vc140.idb
c:\users\student\documents\visual studio 2015\projects\game005\debug\light.obj
c:\users\student\documents\visual studio 2015\projects\game005\debug\main.obj
c:\users\student\documents\visual studio 2015\projects\game005\debug\meshfield.obj
c:\users\student\documents\visual studio 2015\projects\game005\debug\miti.obj
c:\users\student\documents\visual studio 2015\projects\game005\debug\model.obj
c:\users\student\documents\visual studio 2015\projects\game005\debug\player.obj
c:\users\student\documents\visual studio 2015\projects\game005\debug\polygon.obj
c:\users\student\documents\visual studio 2015\projects\game005\debug\result.obj
c:\users\student\documents\visual studio 2015\projects\game005\debug\score.obj
c:\users\student\documents\visual studio 2015\projects\game005\debug\setumei.obj
c:\users\student\documents\visual studio 2015\projects\game005\debug\shadow.obj
c:\users\student\documents\visual studio 2015\projects\game005\debug\sound.obj
c:\users\student\documents\visual studio 2015\projects\game005\debug\staff.obj
c:\users\student\documents\visual studio 2015\projects\game005\debug\tika.obj
c:\users\student\documents\visual studio 2015\projects\game005\debug\time.obj
c:\users\student\documents\visual studio 2015\projects\game005\debug\timeover.obj
c:\users\student\documents\visual studio 2015\projects\game005\debug\title.obj
c:\users\student\documents\visual studio 2015\projects\game005\debug\trophy.obj
c:\users\student\documents\visual studio 2015\projects\game005\debug\wall.obj
c:\users\student\documents\visual studio 2015\projects\game005\debug\win.obj
c:\users\student\documents\visual studio 2015\projects\game005\debug\billborad.obj
c:\users\student\documents\visual studio 2015\projects\game005\debug\bird.obj
c:\users\student\documents\visual studio 2015\projects\game005\debug\bullet.obj
c:\users\student\documents\visual studio 2015\projects\game005\debug\camera.obj
c:\users\student\documents\visual studio 2015\projects\game005\debug\effect.obj
c:\users\student\documents\visual studio 2015\projects\game005\debug\enemy.obj
c:\users\student\documents\visual studio 2015\projects\game005\debug\fade.obj
c:\users\student\documents\visual studio 2015\projects\game005\debug\game.obj
c:\users\student\documents\visual studio 2015\projects\game005\debug\get.obj
c:\users\student\documents\visual studio 2015\projects\game005\debug\getscore.obj
c:\users\student\documents\visual studio 2015\projects\game005\debug\gettrophy.obj
c:\users\student\documents\visual studio 2015\projects\game005\debug\goal.obj
c:\users\student\documents\visual studio 2015\projects\game005\debug\highscore.obj
c:\users\student\documents\visual studio 2015\projects\game005\debug\input.obj
c:\users\student\documents\visual studio 2015\projects\game005\debug\kiken.obj
c:\users\student\documents\visual studio 2015\projects\game005\game005.ilk
c:\users\student\documents\visual studio 2015\projects\game005\game005.exe
c:\users\student\documents\visual studio 2015\projects\game005\game005.pdb
c:\users\student\documents\visual studio 2015\projects\game005\debug\game005.tlog\cl.command.1.tlog
c:\users\student\documents\visual studio 2015\projects\game005\debug\game005.tlog\cl.read.1.tlog
c:\users\student\documents\visual studio 2015\projects\game005\debug\game005.tlog\cl.write.1.tlog
c:\users\student\documents\visual studio 2015\projects\game005\debug\game005.tlog\link.command.1.tlog
c:\users\student\documents\visual studio 2015\projects\game005\debug\game005.tlog\link.read.1.tlog
c:\users\student\documents\visual studio 2015\projects\game005\debug\game005.tlog\link.write.1.tlog
